#
# A fatal error has been detected by the Java Runtime Environment:
#
#  Internal Error (t:/workspace/open/src/hotspot/share/oops/generateOopMap.cpp:2164), pid=21920, tid=29236
#  fatal error: Illegal class file encountered. Try running with -Xverify:all in method test_weather
#
# JRE version: OpenJDK Runtime Environment (11.0+28) (build 11+28)
# Java VM: OpenJDK 64-Bit Server VM (11+28, mixed mode, tiered, compressed oops, g1 gc, windows-amd64)
# No core dump will be written. Minidumps are not enabled by default on client versions of Windows
#
# If you would like to submit a bug report, please visit:
#   http://bugreport.java.com/bugreport/crash.jsp
#

---------------  S U M M A R Y ------------

Command Line: -agentlib:jdwp=transport=dt_socket,suspend=y,address=localhost:60420 -ea -javaagent:C:\Users\C68452\Downloads\sts-4.7.0.RELEASE\configuration\org.eclipse.osgi\248\0\.cp\lib\javaagent-shaded.jar -Dfile.encoding=UTF-8 org.eclipse.jdt.internal.junit.runner.RemoteTestRunner -version 3 -port 60419 -testLoaderClass org.eclipse.jdt.internal.junit4.runner.JUnit4TestLoader -loaderpluginname org.eclipse.jdt.junit4.runtime -test com.assignment.spring.ApplicationTests:test_weather

Host: Intel(R) Core(TM) i7-8650U CPU @ 1.90GHz, 8 cores, 15G,  Windows 10 , 64 bit Build 18362 (10.0.18362.1316)
Time: Fri Feb 12 00:13:33 2021 W. Europe Standard Time elapsed time: 141 seconds (0d 0h 2m 21s)

---------------  T H R E A D  ---------------

Current thread (0x00000229f1773800):  VMThread "VM Thread" [stack: 0x0000004e03400000,0x0000004e03500000] [id=29236]

Stack: [0x0000004e03400000,0x0000004e03500000]
[error occurred during error reporting (printing stack bounds), id 0xc0000005, EXCEPTION_ACCESS_VIOLATION (0xc0000005) at pc=0x00000229d58d0bad]

Native frames: (J=compiled Java code, j=interpreted, Vv=VM code, C=native code)
V  [jvm.dll+0x63adaa]
V  [jvm.dll+0x77852f]
V  [jvm.dll+0x779b18]
V  [jvm.dll+0x77a135]
V  [jvm.dll+0x77a0eb]
V  [jvm.dll+0x63a4a6]
V  [jvm.dll+0x63a878]
C  [ntdll.dll+0xa184f]
C  [ntdll.dll+0x6a889]
C  [ntdll.dll+0xa04be]
C  0x00000229d58d0bad

VM_Operation (0x0000004e03eff620): GetOrSetLocal, mode: safepoint, requested by thread 0x00000229f1cac000


---------------  P R O C E S S  ---------------

Threads class SMR info:
_java_thread_list=0x00000229f21d0410, length=15, elements={
0x00000229cd5f3800, 0x00000229f179d800, 0x00000229f17a6800, 0x00000229f17ae800,
0x00000229f180a800, 0x00000229f180d000, 0x00000229f17bc000, 0x00000229f17bd800,
0x00000229f1741000, 0x00000229f1cac000, 0x00000229f1ab4800, 0x00000229f1ab5000,
0x00000229f1c84800, 0x00000229f1be2000, 0x00000229f7cbc000
}

Java Threads: ( => current thread )
  0x00000229cd5f3800 JavaThread "main" [_thread_blocked, id=1768, stack(0x0000004e02e00000,0x0000004e02f00000)]
  0x00000229f179d800 JavaThread "Reference Handler" daemon [_thread_blocked, id=19792, stack(0x0000004e03500000,0x0000004e03600000)]
  0x00000229f17a6800 JavaThread "Finalizer" daemon [_thread_blocked, id=7680, stack(0x0000004e03600000,0x0000004e03700000)]
  0x00000229f17ae800 JavaThread "Signal Dispatcher" daemon [_thread_blocked, id=25392, stack(0x0000004e03700000,0x0000004e03800000)]
  0x00000229f180a800 JavaThread "Attach Listener" daemon [_thread_blocked, id=15900, stack(0x0000004e03800000,0x0000004e03900000)]
  0x00000229f180d000 JavaThread "C2 CompilerThread0" daemon [_thread_blocked, id=25592, stack(0x0000004e03900000,0x0000004e03a00000)]
  0x00000229f17bc000 JavaThread "C1 CompilerThread0" daemon [_thread_blocked, id=23704, stack(0x0000004e03a00000,0x0000004e03b00000)]
  0x00000229f17bd800 JavaThread "Sweeper thread" daemon [_thread_blocked, id=32248, stack(0x0000004e03b00000,0x0000004e03c00000)]
  0x00000229f1741000 JavaThread "Common-Cleaner" daemon [_thread_blocked, id=11692, stack(0x0000004e03c00000,0x0000004e03d00000)]
  0x00000229f1cac000 JavaThread "JDWP Transport Listener: dt_socket" daemon [_thread_blocked, id=11584, stack(0x0000004e03e00000,0x0000004e03f00000)] _threads_hazard_ptr=0x00000229f21d0410
  0x00000229f1ab4800 JavaThread "JDWP Event Helper Thread" daemon [_thread_blocked, id=32520, stack(0x0000004e03f00000,0x0000004e04000000)]
  0x00000229f1ab5000 JavaThread "JDWP Command Reader" daemon [_thread_in_native, id=19268, stack(0x0000004e04000000,0x0000004e04100000)]
  0x00000229f1c84800 JavaThread "Service Thread" daemon [_thread_blocked, id=19300, stack(0x0000004e04100000,0x0000004e04200000)]
  0x00000229f1be2000 JavaThread "ReaderThread" [_thread_in_native, id=16412, stack(0x0000004e04300000,0x0000004e04400000)]
  0x00000229f7cbc000 JavaThread "HikariPool-1 housekeeper" daemon [_thread_blocked, id=1296, stack(0x0000004e04b00000,0x0000004e04c00000)]

Other Threads:
=>0x00000229f1773800 VMThread "VM Thread" [stack: 0x0000004e03400000,0x0000004e03500000] [id=29236]
  0x00000229f1f11000 WatcherThread [stack: 0x0000004e04200000,0x0000004e04300000] [id=32836]
  0x00000229cd60a800 GCTaskThread "GC Thread#0" [stack: 0x0000004e02f00000,0x0000004e03000000] [id=26752]
  0x00000229f22b5800 GCTaskThread "GC Thread#1" [stack: 0x0000004e04400000,0x0000004e04500000] [id=11060]
  0x00000229f22af800 GCTaskThread "GC Thread#2" [stack: 0x0000004e04500000,0x0000004e04600000] [id=29368]
  0x00000229f22b7000 GCTaskThread "GC Thread#3" [stack: 0x0000004e04600000,0x0000004e04700000] [id=22188]
  0x00000229f22b3000 GCTaskThread "GC Thread#4" [stack: 0x0000004e04700000,0x0000004e04800000] [id=12816]
  0x00000229f22b4000 GCTaskThread "GC Thread#5" [stack: 0x0000004e04800000,0x0000004e04900000] [id=25792]
  0x00000229cd669000 ConcurrentGCThread "G1 Main Marker" [stack: 0x0000004e03000000,0x0000004e03100000] [id=13536]
  0x00000229cd66d800 ConcurrentGCThread "G1 Conc#0" [stack: 0x0000004e03100000,0x0000004e03200000] [id=24868]
  0x00000229f22b2800 ConcurrentGCThread "G1 Conc#1" [stack: 0x0000004e04a00000,0x0000004e04b00000] [id=21968]
  0x00000229cd69e000 ConcurrentGCThread "G1 Refine#0" [stack: 0x0000004e03200000,0x0000004e03300000] [id=24708]
  0x00000229f0769000 ConcurrentGCThread "G1 Young RemSet Sampling" [stack: 0x0000004e03300000,0x0000004e03400000] [id=18324]

Threads with active compile tasks:

VM state:at safepoint (normal execution)

VM Mutex/Monitor currently owned by a thread:  ([mutex/lock_event])
[0x00000229cd5ee350] Threads_lock - owner thread: 0x00000229f1773800

Heap address: 0x0000000701e00000, size: 4066 MB, Compressed Oops mode: Zero based, Oop shift amount: 3
Narrow klass base: 0x0000000800000000, Narrow klass shift: 0
Compressed class space size: 1073741824 Address: 0x0000000800000000

Heap:
 garbage-first heap   total 315392K, used 66435K [0x0000000701e00000, 0x0000000800000000)
  region size 1024K, 53 young (54272K), 12 survivors (12288K)
 Metaspace       used 67817K, capacity 69163K, committed 69248K, reserved 1110016K
  class space    used 8545K, capacity 9051K, committed 9088K, reserved 1048576K
Heap Regions: E=young(eden), S=young(survivor), O=old, HS=humongous(starts), HC=humongous(continues), CS=collection set, F=free, A=archive, TAMS=top-at-mark-start (previous, next)
|   0|0x0000000701e00000, 0x0000000701f00000, 0x0000000701f00000|100%|HS|  |TAMS 0x0000000701f00000, 0x0000000701e00000| Complete 
|   1|0x0000000701f00000, 0x0000000702000000, 0x0000000702000000|100%| O|  |TAMS 0x0000000702000000, 0x0000000701f00000| Untracked 
|   2|0x0000000702000000, 0x0000000702100000, 0x0000000702100000|100%| O|  |TAMS 0x0000000702100000, 0x0000000702000000| Untracked 
|   3|0x0000000702100000, 0x0000000702200000, 0x0000000702200000|100%| O|  |TAMS 0x0000000702200000, 0x0000000702100000| Untracked 
|   4|0x0000000702200000, 0x0000000702300000, 0x0000000702300000|100%| O|  |TAMS 0x0000000702300000, 0x0000000702200000| Untracked 
|   5|0x0000000702300000, 0x0000000702400000, 0x0000000702400000|100%| O|  |TAMS 0x0000000702400000, 0x0000000702300000| Untracked 
|   6|0x0000000702400000, 0x0000000702500000, 0x0000000702500000|100%| O|  |TAMS 0x0000000702500000, 0x0000000702400000| Untracked 
|   7|0x0000000702500000, 0x0000000702600000, 0x0000000702600000|100%| O|  |TAMS 0x0000000702600000, 0x0000000702500000| Untracked 
|   8|0x0000000702600000, 0x0000000702700000, 0x0000000702700000|100%| O|  |TAMS 0x0000000702700000, 0x0000000702600000| Untracked 
|   9|0x0000000702700000, 0x0000000702800000, 0x0000000702800000|100%| O|  |TAMS 0x0000000702800000, 0x0000000702700000| Untracked 
|  10|0x0000000702800000, 0x0000000702900000, 0x0000000702900000|100%| O|  |TAMS 0x0000000702900000, 0x0000000702800000| Untracked 
|  11|0x0000000702900000, 0x0000000702a00000, 0x0000000702a00000|100%| O|  |TAMS 0x0000000702a00000, 0x0000000702900000| Untracked 
|  12|0x0000000702a00000, 0x0000000702afca00, 0x0000000702b00000| 98%| O|  |TAMS 0x0000000702afca00, 0x0000000702a00000| Untracked 
|  13|0x0000000702b00000, 0x0000000702b00000, 0x0000000702c00000|  0%| F|  |TAMS 0x0000000702b00000, 0x0000000702b00000| Untracked 
|  14|0x0000000702c00000, 0x0000000702c00000, 0x0000000702d00000|  0%| F|  |TAMS 0x0000000702c00000, 0x0000000702c00000| Untracked 
|  15|0x0000000702d00000, 0x0000000702d00000, 0x0000000702e00000|  0%| F|  |TAMS 0x0000000702d00000, 0x0000000702d00000| Untracked 
|  16|0x0000000702e00000, 0x0000000702e00000, 0x0000000702f00000|  0%| F|  |TAMS 0x0000000702e00000, 0x0000000702e00000| Untracked 
|  17|0x0000000702f00000, 0x0000000702f00000, 0x0000000703000000|  0%| F|  |TAMS 0x0000000702f00000, 0x0000000702f00000| Untracked 
|  18|0x0000000703000000, 0x0000000703000000, 0x0000000703100000|  0%| F|  |TAMS 0x0000000703000000, 0x0000000703000000| Untracked 
|  19|0x0000000703100000, 0x0000000703100000, 0x0000000703200000|  0%| F|  |TAMS 0x0000000703100000, 0x0000000703100000| Untracked 
|  20|0x0000000703200000, 0x0000000703200000, 0x0000000703300000|  0%| F|  |TAMS 0x0000000703200000, 0x0000000703200000| Untracked 
|  21|0x0000000703300000, 0x0000000703300000, 0x0000000703400000|  0%| F|  |TAMS 0x0000000703300000, 0x0000000703300000| Untracked 
|  22|0x0000000703400000, 0x0000000703400000, 0x0000000703500000|  0%| F|  |TAMS 0x0000000703400000, 0x0000000703400000| Untracked 
|  23|0x0000000703500000, 0x0000000703500000, 0x0000000703600000|  0%| F|  |TAMS 0x0000000703500000, 0x0000000703500000| Untracked 
|  24|0x0000000703600000, 0x0000000703600000, 0x0000000703700000|  0%| F|  |TAMS 0x0000000703600000, 0x0000000703600000| Untracked 
|  25|0x0000000703700000, 0x0000000703700000, 0x0000000703800000|  0%| F|  |TAMS 0x0000000703700000, 0x0000000703700000| Untracked 
|  26|0x0000000703800000, 0x0000000703800000, 0x0000000703900000|  0%| F|  |TAMS 0x0000000703800000, 0x0000000703800000| Untracked 
|  27|0x0000000703900000, 0x0000000703900000, 0x0000000703a00000|  0%| F|  |TAMS 0x0000000703900000, 0x0000000703900000| Untracked 
|  28|0x0000000703a00000, 0x0000000703a00000, 0x0000000703b00000|  0%| F|  |TAMS 0x0000000703a00000, 0x0000000703a00000| Untracked 
|  29|0x0000000703b00000, 0x0000000703b00000, 0x0000000703c00000|  0%| F|  |TAMS 0x0000000703b00000, 0x0000000703b00000| Untracked 
|  30|0x0000000703c00000, 0x0000000703c00000, 0x0000000703d00000|  0%| F|  |TAMS 0x0000000703c00000, 0x0000000703c00000| Untracked 
|  31|0x0000000703d00000, 0x0000000703d00000, 0x0000000703e00000|  0%| F|  |TAMS 0x0000000703d00000, 0x0000000703d00000| Untracked 
|  32|0x0000000703e00000, 0x0000000703e00000, 0x0000000703f00000|  0%| F|  |TAMS 0x0000000703e00000, 0x0000000703e00000| Untracked 
|  33|0x0000000703f00000, 0x0000000703f00000, 0x0000000704000000|  0%| F|  |TAMS 0x0000000703f00000, 0x0000000703f00000| Untracked 
|  34|0x0000000704000000, 0x0000000704000000, 0x0000000704100000|  0%| F|  |TAMS 0x0000000704000000, 0x0000000704000000| Untracked 
|  35|0x0000000704100000, 0x0000000704100000, 0x0000000704200000|  0%| F|  |TAMS 0x0000000704100000, 0x0000000704100000| Untracked 
|  36|0x0000000704200000, 0x0000000704200000, 0x0000000704300000|  0%| F|  |TAMS 0x0000000704200000, 0x0000000704200000| Untracked 
|  37|0x0000000704300000, 0x0000000704300000, 0x0000000704400000|  0%| F|  |TAMS 0x0000000704300000, 0x0000000704300000| Untracked 
|  38|0x0000000704400000, 0x0000000704400000, 0x0000000704500000|  0%| F|  |TAMS 0x0000000704400000, 0x0000000704400000| Untracked 
|  39|0x0000000704500000, 0x0000000704500000, 0x0000000704600000|  0%| F|  |TAMS 0x0000000704500000, 0x0000000704500000| Untracked 
|  40|0x0000000704600000, 0x0000000704600000, 0x0000000704700000|  0%| F|  |TAMS 0x0000000704600000, 0x0000000704600000| Untracked 
|  41|0x0000000704700000, 0x0000000704700000, 0x0000000704800000|  0%| F|  |TAMS 0x0000000704700000, 0x0000000704700000| Untracked 
|  42|0x0000000704800000, 0x0000000704800000, 0x0000000704900000|  0%| F|  |TAMS 0x0000000704800000, 0x0000000704800000| Untracked 
|  43|0x0000000704900000, 0x0000000704900000, 0x0000000704a00000|  0%| F|  |TAMS 0x0000000704900000, 0x0000000704900000| Untracked 
|  44|0x0000000704a00000, 0x0000000704a00000, 0x0000000704b00000|  0%| F|  |TAMS 0x0000000704a00000, 0x0000000704a00000| Untracked 
|  45|0x0000000704b00000, 0x0000000704b00000, 0x0000000704c00000|  0%| F|  |TAMS 0x0000000704b00000, 0x0000000704b00000| Untracked 
|  46|0x0000000704c00000, 0x0000000704c00000, 0x0000000704d00000|  0%| F|  |TAMS 0x0000000704c00000, 0x0000000704c00000| Untracked 
|  47|0x0000000704d00000, 0x0000000704d00000, 0x0000000704e00000|  0%| F|  |TAMS 0x0000000704d00000, 0x0000000704d00000| Untracked 
|  48|0x0000000704e00000, 0x0000000704e00000, 0x0000000704f00000|  0%| F|  |TAMS 0x0000000704e00000, 0x0000000704e00000| Untracked 
|  49|0x0000000704f00000, 0x0000000704f00000, 0x0000000705000000|  0%| F|  |TAMS 0x0000000704f00000, 0x0000000704f00000| Untracked 
|  50|0x0000000705000000, 0x0000000705000000, 0x0000000705100000|  0%| F|  |TAMS 0x0000000705000000, 0x0000000705000000| Untracked 
|  51|0x0000000705100000, 0x0000000705100000, 0x0000000705200000|  0%| F|  |TAMS 0x0000000705100000, 0x0000000705100000| Untracked 
|  52|0x0000000705200000, 0x0000000705200000, 0x0000000705300000|  0%| F|  |TAMS 0x0000000705200000, 0x0000000705200000| Untracked 
|  53|0x0000000705300000, 0x0000000705300000, 0x0000000705400000|  0%| F|  |TAMS 0x0000000705300000, 0x0000000705300000| Untracked 
|  54|0x0000000705400000, 0x0000000705400000, 0x0000000705500000|  0%| F|  |TAMS 0x0000000705400000, 0x0000000705400000| Untracked 
|  55|0x0000000705500000, 0x0000000705500000, 0x0000000705600000|  0%| F|  |TAMS 0x0000000705500000, 0x0000000705500000| Untracked 
|  56|0x0000000705600000, 0x0000000705600000, 0x0000000705700000|  0%| F|  |TAMS 0x0000000705600000, 0x0000000705600000| Untracked 
|  57|0x0000000705700000, 0x0000000705700000, 0x0000000705800000|  0%| F|  |TAMS 0x0000000705700000, 0x0000000705700000| Untracked 
|  58|0x0000000705800000, 0x0000000705800000, 0x0000000705900000|  0%| F|  |TAMS 0x0000000705800000, 0x0000000705800000| Untracked 
|  59|0x0000000705900000, 0x0000000705900000, 0x0000000705a00000|  0%| F|  |TAMS 0x0000000705900000, 0x0000000705900000| Untracked 
|  60|0x0000000705a00000, 0x0000000705a00000, 0x0000000705b00000|  0%| F|  |TAMS 0x0000000705a00000, 0x0000000705a00000| Untracked 
|  61|0x0000000705b00000, 0x0000000705b00000, 0x0000000705c00000|  0%| F|  |TAMS 0x0000000705b00000, 0x0000000705b00000| Untracked 
|  62|0x0000000705c00000, 0x0000000705c00000, 0x0000000705d00000|  0%| F|  |TAMS 0x0000000705c00000, 0x0000000705c00000| Untracked 
|  63|0x0000000705d00000, 0x0000000705d00000, 0x0000000705e00000|  0%| F|  |TAMS 0x0000000705d00000, 0x0000000705d00000| Untracked 
|  64|0x0000000705e00000, 0x0000000705e00000, 0x0000000705f00000|  0%| F|  |TAMS 0x0000000705e00000, 0x0000000705e00000| Untracked 
|  65|0x0000000705f00000, 0x0000000705f00000, 0x0000000706000000|  0%| F|  |TAMS 0x0000000705f00000, 0x0000000705f00000| Untracked 
|  66|0x0000000706000000, 0x0000000706000000, 0x0000000706100000|  0%| F|  |TAMS 0x0000000706000000, 0x0000000706000000| Untracked 
|  67|0x0000000706100000, 0x0000000706100000, 0x0000000706200000|  0%| F|  |TAMS 0x0000000706100000, 0x0000000706100000| Untracked 
|  68|0x0000000706200000, 0x0000000706200000, 0x0000000706300000|  0%| F|  |TAMS 0x0000000706200000, 0x0000000706200000| Untracked 
|  69|0x0000000706300000, 0x0000000706300000, 0x0000000706400000|  0%| F|  |TAMS 0x0000000706300000, 0x0000000706300000| Untracked 
|  70|0x0000000706400000, 0x0000000706400000, 0x0000000706500000|  0%| F|  |TAMS 0x0000000706400000, 0x0000000706400000| Untracked 
|  71|0x0000000706500000, 0x0000000706500000, 0x0000000706600000|  0%| F|  |TAMS 0x0000000706500000, 0x0000000706500000| Untracked 
|  72|0x0000000706600000, 0x0000000706600000, 0x0000000706700000|  0%| F|  |TAMS 0x0000000706600000, 0x0000000706600000| Untracked 
|  73|0x0000000706700000, 0x0000000706700000, 0x0000000706800000|  0%| F|  |TAMS 0x0000000706700000, 0x0000000706700000| Untracked 
|  74|0x0000000706800000, 0x0000000706800000, 0x0000000706900000|  0%| F|  |TAMS 0x0000000706800000, 0x0000000706800000| Untracked 
|  75|0x0000000706900000, 0x0000000706900000, 0x0000000706a00000|  0%| F|  |TAMS 0x0000000706900000, 0x0000000706900000| Untracked 
|  76|0x0000000706a00000, 0x0000000706a00000, 0x0000000706b00000|  0%| F|  |TAMS 0x0000000706a00000, 0x0000000706a00000| Untracked 
|  77|0x0000000706b00000, 0x0000000706b00000, 0x0000000706c00000|  0%| F|  |TAMS 0x0000000706b00000, 0x0000000706b00000| Untracked 
|  78|0x0000000706c00000, 0x0000000706c00000, 0x0000000706d00000|  0%| F|  |TAMS 0x0000000706c00000, 0x0000000706c00000| Untracked 
|  79|0x0000000706d00000, 0x0000000706d00000, 0x0000000706e00000|  0%| F|  |TAMS 0x0000000706d00000, 0x0000000706d00000| Untracked 
|  80|0x0000000706e00000, 0x0000000706e00000, 0x0000000706f00000|  0%| F|  |TAMS 0x0000000706e00000, 0x0000000706e00000| Untracked 
|  81|0x0000000706f00000, 0x0000000706f00000, 0x0000000707000000|  0%| F|  |TAMS 0x0000000706f00000, 0x0000000706f00000| Untracked 
|  82|0x0000000707000000, 0x0000000707000000, 0x0000000707100000|  0%| F|  |TAMS 0x0000000707000000, 0x0000000707000000| Untracked 
|  83|0x0000000707100000, 0x0000000707100000, 0x0000000707200000|  0%| F|  |TAMS 0x0000000707100000, 0x0000000707100000| Untracked 
|  84|0x0000000707200000, 0x0000000707200000, 0x0000000707300000|  0%| F|  |TAMS 0x0000000707200000, 0x0000000707200000| Untracked 
|  85|0x0000000707300000, 0x0000000707300000, 0x0000000707400000|  0%| F|  |TAMS 0x0000000707300000, 0x0000000707300000| Untracked 
|  86|0x0000000707400000, 0x0000000707400000, 0x0000000707500000|  0%| F|  |TAMS 0x0000000707400000, 0x0000000707400000| Untracked 
|  87|0x0000000707500000, 0x0000000707500000, 0x0000000707600000|  0%| F|  |TAMS 0x0000000707500000, 0x0000000707500000| Untracked 
|  88|0x0000000707600000, 0x0000000707600000, 0x0000000707700000|  0%| F|  |TAMS 0x0000000707600000, 0x0000000707600000| Untracked 
|  89|0x0000000707700000, 0x0000000707700000, 0x0000000707800000|  0%| F|  |TAMS 0x0000000707700000, 0x0000000707700000| Untracked 
|  90|0x0000000707800000, 0x0000000707800000, 0x0000000707900000|  0%| F|  |TAMS 0x0000000707800000, 0x0000000707800000| Untracked 
|  91|0x0000000707900000, 0x00000007079e4408, 0x0000000707a00000| 89%| S|CS|TAMS 0x0000000707900000, 0x0000000707900000| Complete 
|  92|0x0000000707a00000, 0x0000000707b00000, 0x0000000707b00000|100%| S|CS|TAMS 0x0000000707a00000, 0x0000000707a00000| Complete 
|  93|0x0000000707b00000, 0x0000000707c00000, 0x0000000707c00000|100%| S|CS|TAMS 0x0000000707b00000, 0x0000000707b00000| Complete 
|  94|0x0000000707c00000, 0x0000000707d00000, 0x0000000707d00000|100%| S|CS|TAMS 0x0000000707c00000, 0x0000000707c00000| Complete 
|  95|0x0000000707d00000, 0x0000000707e00000, 0x0000000707e00000|100%| S|CS|TAMS 0x0000000707d00000, 0x0000000707d00000| Complete 
|  96|0x0000000707e00000, 0x0000000707f00000, 0x0000000707f00000|100%| S|CS|TAMS 0x0000000707e00000, 0x0000000707e00000| Complete 
|  97|0x0000000707f00000, 0x0000000708000000, 0x0000000708000000|100%| S|CS|TAMS 0x0000000707f00000, 0x0000000707f00000| Complete 
|  98|0x0000000708000000, 0x0000000708100000, 0x0000000708100000|100%| S|CS|TAMS 0x0000000708000000, 0x0000000708000000| Complete 
|  99|0x0000000708100000, 0x0000000708200000, 0x0000000708200000|100%| S|CS|TAMS 0x0000000708100000, 0x0000000708100000| Complete 
| 100|0x0000000708200000, 0x0000000708300000, 0x0000000708300000|100%| S|CS|TAMS 0x0000000708200000, 0x0000000708200000| Complete 
| 101|0x0000000708300000, 0x0000000708400000, 0x0000000708400000|100%| S|CS|TAMS 0x0000000708300000, 0x0000000708300000| Complete 
| 102|0x0000000708400000, 0x0000000708500000, 0x0000000708500000|100%| S|CS|TAMS 0x0000000708400000, 0x0000000708400000| Complete 
| 103|0x0000000708500000, 0x0000000708500000, 0x0000000708600000|  0%| F|  |TAMS 0x0000000708500000, 0x0000000708500000| Untracked 
| 104|0x0000000708600000, 0x0000000708600000, 0x0000000708700000|  0%| F|  |TAMS 0x0000000708600000, 0x0000000708600000| Untracked 
| 105|0x0000000708700000, 0x0000000708700000, 0x0000000708800000|  0%| F|  |TAMS 0x0000000708700000, 0x0000000708700000| Untracked 
| 106|0x0000000708800000, 0x0000000708800000, 0x0000000708900000|  0%| F|  |TAMS 0x0000000708800000, 0x0000000708800000| Untracked 
| 107|0x0000000708900000, 0x0000000708900000, 0x0000000708a00000|  0%| F|  |TAMS 0x0000000708900000, 0x0000000708900000| Untracked 
| 108|0x0000000708a00000, 0x0000000708a00000, 0x0000000708b00000|  0%| F|  |TAMS 0x0000000708a00000, 0x0000000708a00000| Untracked 
| 109|0x0000000708b00000, 0x0000000708b00000, 0x0000000708c00000|  0%| F|  |TAMS 0x0000000708b00000, 0x0000000708b00000| Untracked 
| 110|0x0000000708c00000, 0x0000000708c00000, 0x0000000708d00000|  0%| F|  |TAMS 0x0000000708c00000, 0x0000000708c00000| Untracked 
| 111|0x0000000708d00000, 0x0000000708d00000, 0x0000000708e00000|  0%| F|  |TAMS 0x0000000708d00000, 0x0000000708d00000| Untracked 
| 112|0x0000000708e00000, 0x0000000708e00000, 0x0000000708f00000|  0%| F|  |TAMS 0x0000000708e00000, 0x0000000708e00000| Untracked 
| 113|0x0000000708f00000, 0x0000000708f00000, 0x0000000709000000|  0%| F|  |TAMS 0x0000000708f00000, 0x0000000708f00000| Untracked 
| 114|0x0000000709000000, 0x0000000709000000, 0x0000000709100000|  0%| F|  |TAMS 0x0000000709000000, 0x0000000709000000| Untracked 
| 115|0x0000000709100000, 0x0000000709100000, 0x0000000709200000|  0%| F|  |TAMS 0x0000000709100000, 0x0000000709100000| Untracked 
| 116|0x0000000709200000, 0x0000000709200000, 0x0000000709300000|  0%| F|  |TAMS 0x0000000709200000, 0x0000000709200000| Untracked 
| 117|0x0000000709300000, 0x0000000709300000, 0x0000000709400000|  0%| F|  |TAMS 0x0000000709300000, 0x0000000709300000| Untracked 
| 118|0x0000000709400000, 0x0000000709400000, 0x0000000709500000|  0%| F|  |TAMS 0x0000000709400000, 0x0000000709400000| Untracked 
| 119|0x0000000709500000, 0x0000000709500000, 0x0000000709600000|  0%| F|  |TAMS 0x0000000709500000, 0x0000000709500000| Untracked 
| 120|0x0000000709600000, 0x0000000709600000, 0x0000000709700000|  0%| F|  |TAMS 0x0000000709600000, 0x0000000709600000| Untracked 
| 121|0x0000000709700000, 0x0000000709700000, 0x0000000709800000|  0%| F|  |TAMS 0x0000000709700000, 0x0000000709700000| Untracked 
| 122|0x0000000709800000, 0x0000000709800000, 0x0000000709900000|  0%| F|  |TAMS 0x0000000709800000, 0x0000000709800000| Untracked 
| 123|0x0000000709900000, 0x0000000709900000, 0x0000000709a00000|  0%| F|  |TAMS 0x0000000709900000, 0x0000000709900000| Untracked 
| 124|0x0000000709a00000, 0x0000000709a00000, 0x0000000709b00000|  0%| F|  |TAMS 0x0000000709a00000, 0x0000000709a00000| Untracked 
| 125|0x0000000709b00000, 0x0000000709b00000, 0x0000000709c00000|  0%| F|  |TAMS 0x0000000709b00000, 0x0000000709b00000| Untracked 
| 126|0x0000000709c00000, 0x0000000709c00000, 0x0000000709d00000|  0%| F|  |TAMS 0x0000000709c00000, 0x0000000709c00000| Untracked 
| 127|0x0000000709d00000, 0x0000000709d00000, 0x0000000709e00000|  0%| F|  |TAMS 0x0000000709d00000, 0x0000000709d00000| Untracked 
| 128|0x0000000709e00000, 0x0000000709e00000, 0x0000000709f00000|  0%| F|  |TAMS 0x0000000709e00000, 0x0000000709e00000| Untracked 
| 129|0x0000000709f00000, 0x0000000709f00000, 0x000000070a000000|  0%| F|  |TAMS 0x0000000709f00000, 0x0000000709f00000| Untracked 
| 130|0x000000070a000000, 0x000000070a000000, 0x000000070a100000|  0%| F|  |TAMS 0x000000070a000000, 0x000000070a000000| Untracked 
| 131|0x000000070a100000, 0x000000070a100000, 0x000000070a200000|  0%| F|  |TAMS 0x000000070a100000, 0x000000070a100000| Untracked 
| 132|0x000000070a200000, 0x000000070a200000, 0x000000070a300000|  0%| F|  |TAMS 0x000000070a200000, 0x000000070a200000| Untracked 
| 133|0x000000070a300000, 0x000000070a300000, 0x000000070a400000|  0%| F|  |TAMS 0x000000070a300000, 0x000000070a300000| Untracked 
| 134|0x000000070a400000, 0x000000070a400000, 0x000000070a500000|  0%| F|  |TAMS 0x000000070a400000, 0x000000070a400000| Untracked 
| 135|0x000000070a500000, 0x000000070a500000, 0x000000070a600000|  0%| F|  |TAMS 0x000000070a500000, 0x000000070a500000| Untracked 
| 136|0x000000070a600000, 0x000000070a600000, 0x000000070a700000|  0%| F|  |TAMS 0x000000070a600000, 0x000000070a600000| Untracked 
| 137|0x000000070a700000, 0x000000070a700000, 0x000000070a800000|  0%| F|  |TAMS 0x000000070a700000, 0x000000070a700000| Untracked 
| 138|0x000000070a800000, 0x000000070a800000, 0x000000070a900000|  0%| F|  |TAMS 0x000000070a800000, 0x000000070a800000| Untracked 
| 139|0x000000070a900000, 0x000000070a900000, 0x000000070aa00000|  0%| F|  |TAMS 0x000000070a900000, 0x000000070a900000| Untracked 
| 140|0x000000070aa00000, 0x000000070aa00000, 0x000000070ab00000|  0%| F|  |TAMS 0x000000070aa00000, 0x000000070aa00000| Untracked 
| 141|0x000000070ab00000, 0x000000070ab00000, 0x000000070ac00000|  0%| F|  |TAMS 0x000000070ab00000, 0x000000070ab00000| Untracked 
| 142|0x000000070ac00000, 0x000000070ac00000, 0x000000070ad00000|  0%| F|  |TAMS 0x000000070ac00000, 0x000000070ac00000| Untracked 
| 143|0x000000070ad00000, 0x000000070ad00000, 0x000000070ae00000|  0%| F|  |TAMS 0x000000070ad00000, 0x000000070ad00000| Untracked 
| 144|0x000000070ae00000, 0x000000070ae00000, 0x000000070af00000|  0%| F|  |TAMS 0x000000070ae00000, 0x000000070ae00000| Untracked 
| 145|0x000000070af00000, 0x000000070af00000, 0x000000070b000000|  0%| F|  |TAMS 0x000000070af00000, 0x000000070af00000| Untracked 
| 146|0x000000070b000000, 0x000000070b000000, 0x000000070b100000|  0%| F|  |TAMS 0x000000070b000000, 0x000000070b000000| Untracked 
| 147|0x000000070b100000, 0x000000070b100000, 0x000000070b200000|  0%| F|  |TAMS 0x000000070b100000, 0x000000070b100000| Untracked 
| 148|0x000000070b200000, 0x000000070b200000, 0x000000070b300000|  0%| F|  |TAMS 0x000000070b200000, 0x000000070b200000| Untracked 
| 149|0x000000070b300000, 0x000000070b300000, 0x000000070b400000|  0%| F|  |TAMS 0x000000070b300000, 0x000000070b300000| Untracked 
| 150|0x000000070b400000, 0x000000070b400000, 0x000000070b500000|  0%| F|  |TAMS 0x000000070b400000, 0x000000070b400000| Untracked 
| 151|0x000000070b500000, 0x000000070b500000, 0x000000070b600000|  0%| F|  |TAMS 0x000000070b500000, 0x000000070b500000| Untracked 
| 152|0x000000070b600000, 0x000000070b600000, 0x000000070b700000|  0%| F|  |TAMS 0x000000070b600000, 0x000000070b600000| Untracked 
| 153|0x000000070b700000, 0x000000070b700000, 0x000000070b800000|  0%| F|  |TAMS 0x000000070b700000, 0x000000070b700000| Untracked 
| 154|0x000000070b800000, 0x000000070b800000, 0x000000070b900000|  0%| F|  |TAMS 0x000000070b800000, 0x000000070b800000| Untracked 
| 155|0x000000070b900000, 0x000000070b900000, 0x000000070ba00000|  0%| F|  |TAMS 0x000000070b900000, 0x000000070b900000| Untracked 
| 156|0x000000070ba00000, 0x000000070ba00000, 0x000000070bb00000|  0%| F|  |TAMS 0x000000070ba00000, 0x000000070ba00000| Untracked 
| 157|0x000000070bb00000, 0x000000070bb00000, 0x000000070bc00000|  0%| F|  |TAMS 0x000000070bb00000, 0x000000070bb00000| Untracked 
| 158|0x000000070bc00000, 0x000000070bc00000, 0x000000070bd00000|  0%| F|  |TAMS 0x000000070bc00000, 0x000000070bc00000| Untracked 
| 159|0x000000070bd00000, 0x000000070bd00000, 0x000000070be00000|  0%| F|  |TAMS 0x000000070bd00000, 0x000000070bd00000| Untracked 
| 160|0x000000070be00000, 0x000000070be00000, 0x000000070bf00000|  0%| F|  |TAMS 0x000000070be00000, 0x000000070be00000| Untracked 
| 161|0x000000070bf00000, 0x000000070bf00000, 0x000000070c000000|  0%| F|  |TAMS 0x000000070bf00000, 0x000000070bf00000| Untracked 
| 162|0x000000070c000000, 0x000000070c000000, 0x000000070c100000|  0%| F|  |TAMS 0x000000070c000000, 0x000000070c000000| Untracked 
| 163|0x000000070c100000, 0x000000070c100000, 0x000000070c200000|  0%| F|  |TAMS 0x000000070c100000, 0x000000070c100000| Untracked 
| 164|0x000000070c200000, 0x000000070c200000, 0x000000070c300000|  0%| F|  |TAMS 0x000000070c200000, 0x000000070c200000| Untracked 
| 165|0x000000070c300000, 0x000000070c300000, 0x000000070c400000|  0%| F|  |TAMS 0x000000070c300000, 0x000000070c300000| Untracked 
| 166|0x000000070c400000, 0x000000070c400000, 0x000000070c500000|  0%| F|  |TAMS 0x000000070c400000, 0x000000070c400000| Untracked 
| 167|0x000000070c500000, 0x000000070c500000, 0x000000070c600000|  0%| F|  |TAMS 0x000000070c500000, 0x000000070c500000| Untracked 
| 168|0x000000070c600000, 0x000000070c600000, 0x000000070c700000|  0%| F|  |TAMS 0x000000070c600000, 0x000000070c600000| Untracked 
| 169|0x000000070c700000, 0x000000070c700000, 0x000000070c800000|  0%| F|  |TAMS 0x000000070c700000, 0x000000070c700000| Untracked 
| 170|0x000000070c800000, 0x000000070c800000, 0x000000070c900000|  0%| F|  |TAMS 0x000000070c800000, 0x000000070c800000| Untracked 
| 171|0x000000070c900000, 0x000000070c900000, 0x000000070ca00000|  0%| F|  |TAMS 0x000000070c900000, 0x000000070c900000| Untracked 
| 172|0x000000070ca00000, 0x000000070ca00000, 0x000000070cb00000|  0%| F|  |TAMS 0x000000070ca00000, 0x000000070ca00000| Untracked 
| 173|0x000000070cb00000, 0x000000070cb00000, 0x000000070cc00000|  0%| F|  |TAMS 0x000000070cb00000, 0x000000070cb00000| Untracked 
| 174|0x000000070cc00000, 0x000000070cc00000, 0x000000070cd00000|  0%| F|  |TAMS 0x000000070cc00000, 0x000000070cc00000| Untracked 
| 175|0x000000070cd00000, 0x000000070cd00000, 0x000000070ce00000|  0%| F|  |TAMS 0x000000070cd00000, 0x000000070cd00000| Untracked 
| 176|0x000000070ce00000, 0x000000070ce00000, 0x000000070cf00000|  0%| F|  |TAMS 0x000000070ce00000, 0x000000070ce00000| Untracked 
| 177|0x000000070cf00000, 0x000000070cf00000, 0x000000070d000000|  0%| F|  |TAMS 0x000000070cf00000, 0x000000070cf00000| Untracked 
| 178|0x000000070d000000, 0x000000070d000000, 0x000000070d100000|  0%| F|  |TAMS 0x000000070d000000, 0x000000070d000000| Untracked 
| 179|0x000000070d100000, 0x000000070d100000, 0x000000070d200000|  0%| F|  |TAMS 0x000000070d100000, 0x000000070d100000| Untracked 
| 180|0x000000070d200000, 0x000000070d200000, 0x000000070d300000|  0%| F|  |TAMS 0x000000070d200000, 0x000000070d200000| Untracked 
| 181|0x000000070d300000, 0x000000070d300000, 0x000000070d400000|  0%| F|  |TAMS 0x000000070d300000, 0x000000070d300000| Untracked 
| 182|0x000000070d400000, 0x000000070d400000, 0x000000070d500000|  0%| F|  |TAMS 0x000000070d400000, 0x000000070d400000| Untracked 
| 183|0x000000070d500000, 0x000000070d500000, 0x000000070d600000|  0%| F|  |TAMS 0x000000070d500000, 0x000000070d500000| Untracked 
| 184|0x000000070d600000, 0x000000070d600000, 0x000000070d700000|  0%| F|  |TAMS 0x000000070d600000, 0x000000070d600000| Untracked 
| 185|0x000000070d700000, 0x000000070d700000, 0x000000070d800000|  0%| F|  |TAMS 0x000000070d700000, 0x000000070d700000| Untracked 
| 186|0x000000070d800000, 0x000000070d800000, 0x000000070d900000|  0%| F|  |TAMS 0x000000070d800000, 0x000000070d800000| Untracked 
| 187|0x000000070d900000, 0x000000070d900000, 0x000000070da00000|  0%| F|  |TAMS 0x000000070d900000, 0x000000070d900000| Untracked 
| 188|0x000000070da00000, 0x000000070da00000, 0x000000070db00000|  0%| F|  |TAMS 0x000000070da00000, 0x000000070da00000| Untracked 
| 189|0x000000070db00000, 0x000000070db00000, 0x000000070dc00000|  0%| F|  |TAMS 0x000000070db00000, 0x000000070db00000| Untracked 
| 190|0x000000070dc00000, 0x000000070dc00000, 0x000000070dd00000|  0%| F|  |TAMS 0x000000070dc00000, 0x000000070dc00000| Untracked 
| 191|0x000000070dd00000, 0x000000070dd00000, 0x000000070de00000|  0%| F|  |TAMS 0x000000070dd00000, 0x000000070dd00000| Untracked 
| 192|0x000000070de00000, 0x000000070de00000, 0x000000070df00000|  0%| F|  |TAMS 0x000000070de00000, 0x000000070de00000| Untracked 
| 193|0x000000070df00000, 0x000000070df00000, 0x000000070e000000|  0%| F|  |TAMS 0x000000070df00000, 0x000000070df00000| Untracked 
| 194|0x000000070e000000, 0x000000070e000000, 0x000000070e100000|  0%| F|  |TAMS 0x000000070e000000, 0x000000070e000000| Untracked 
| 195|0x000000070e100000, 0x000000070e100000, 0x000000070e200000|  0%| F|  |TAMS 0x000000070e100000, 0x000000070e100000| Untracked 
| 196|0x000000070e200000, 0x000000070e200000, 0x000000070e300000|  0%| F|  |TAMS 0x000000070e200000, 0x000000070e200000| Untracked 
| 197|0x000000070e300000, 0x000000070e300000, 0x000000070e400000|  0%| F|  |TAMS 0x000000070e300000, 0x000000070e300000| Untracked 
| 198|0x000000070e400000, 0x000000070e400000, 0x000000070e500000|  0%| F|  |TAMS 0x000000070e400000, 0x000000070e400000| Untracked 
| 199|0x000000070e500000, 0x000000070e500000, 0x000000070e600000|  0%| F|  |TAMS 0x000000070e500000, 0x000000070e500000| Untracked 
| 200|0x000000070e600000, 0x000000070e600000, 0x000000070e700000|  0%| F|  |TAMS 0x000000070e600000, 0x000000070e600000| Untracked 
| 201|0x000000070e700000, 0x000000070e700000, 0x000000070e800000|  0%| F|  |TAMS 0x000000070e700000, 0x000000070e700000| Untracked 
| 202|0x000000070e800000, 0x000000070e800000, 0x000000070e900000|  0%| F|  |TAMS 0x000000070e800000, 0x000000070e800000| Untracked 
| 203|0x000000070e900000, 0x000000070e900000, 0x000000070ea00000|  0%| F|  |TAMS 0x000000070e900000, 0x000000070e900000| Untracked 
| 204|0x000000070ea00000, 0x000000070ea00000, 0x000000070eb00000|  0%| F|  |TAMS 0x000000070ea00000, 0x000000070ea00000| Untracked 
| 205|0x000000070eb00000, 0x000000070eb00000, 0x000000070ec00000|  0%| F|  |TAMS 0x000000070eb00000, 0x000000070eb00000| Untracked 
| 206|0x000000070ec00000, 0x000000070ec00000, 0x000000070ed00000|  0%| F|  |TAMS 0x000000070ec00000, 0x000000070ec00000| Untracked 
| 207|0x000000070ed00000, 0x000000070ed00000, 0x000000070ee00000|  0%| F|  |TAMS 0x000000070ed00000, 0x000000070ed00000| Untracked 
| 208|0x000000070ee00000, 0x000000070ee00000, 0x000000070ef00000|  0%| F|  |TAMS 0x000000070ee00000, 0x000000070ee00000| Untracked 
| 209|0x000000070ef00000, 0x000000070ef00000, 0x000000070f000000|  0%| F|  |TAMS 0x000000070ef00000, 0x000000070ef00000| Untracked 
| 210|0x000000070f000000, 0x000000070f000000, 0x000000070f100000|  0%| F|  |TAMS 0x000000070f000000, 0x000000070f000000| Untracked 
| 211|0x000000070f100000, 0x000000070f100000, 0x000000070f200000|  0%| F|  |TAMS 0x000000070f100000, 0x000000070f100000| Untracked 
| 212|0x000000070f200000, 0x000000070f200000, 0x000000070f300000|  0%| F|  |TAMS 0x000000070f200000, 0x000000070f200000| Untracked 
| 213|0x000000070f300000, 0x000000070f300000, 0x000000070f400000|  0%| F|  |TAMS 0x000000070f300000, 0x000000070f300000| Untracked 
| 214|0x000000070f400000, 0x000000070f400000, 0x000000070f500000|  0%| F|  |TAMS 0x000000070f400000, 0x000000070f400000| Untracked 
| 215|0x000000070f500000, 0x000000070f500000, 0x000000070f600000|  0%| F|  |TAMS 0x000000070f500000, 0x000000070f500000| Untracked 
| 216|0x000000070f600000, 0x000000070f600000, 0x000000070f700000|  0%| F|  |TAMS 0x000000070f600000, 0x000000070f600000| Untracked 
| 217|0x000000070f700000, 0x000000070f700000, 0x000000070f800000|  0%| F|  |TAMS 0x000000070f700000, 0x000000070f700000| Untracked 
| 218|0x000000070f800000, 0x000000070f800000, 0x000000070f900000|  0%| F|  |TAMS 0x000000070f800000, 0x000000070f800000| Untracked 
| 219|0x000000070f900000, 0x000000070f900000, 0x000000070fa00000|  0%| F|  |TAMS 0x000000070f900000, 0x000000070f900000| Untracked 
| 220|0x000000070fa00000, 0x000000070fa00000, 0x000000070fb00000|  0%| F|  |TAMS 0x000000070fa00000, 0x000000070fa00000| Untracked 
| 221|0x000000070fb00000, 0x000000070fb00000, 0x000000070fc00000|  0%| F|  |TAMS 0x000000070fb00000, 0x000000070fb00000| Untracked 
| 222|0x000000070fc00000, 0x000000070fc00000, 0x000000070fd00000|  0%| F|  |TAMS 0x000000070fc00000, 0x000000070fc00000| Untracked 
| 223|0x000000070fd00000, 0x000000070fd00000, 0x000000070fe00000|  0%| F|  |TAMS 0x000000070fd00000, 0x000000070fd00000| Untracked 
| 224|0x000000070fe00000, 0x000000070fe00000, 0x000000070ff00000|  0%| F|  |TAMS 0x000000070fe00000, 0x000000070fe00000| Untracked 
| 225|0x000000070ff00000, 0x000000070ff00000, 0x0000000710000000|  0%| F|  |TAMS 0x000000070ff00000, 0x000000070ff00000| Untracked 
| 226|0x0000000710000000, 0x0000000710000000, 0x0000000710100000|  0%| F|  |TAMS 0x0000000710000000, 0x0000000710000000| Untracked 
| 227|0x0000000710100000, 0x0000000710100000, 0x0000000710200000|  0%| F|  |TAMS 0x0000000710100000, 0x0000000710100000| Untracked 
| 228|0x0000000710200000, 0x0000000710200000, 0x0000000710300000|  0%| F|  |TAMS 0x0000000710200000, 0x0000000710200000| Untracked 
| 229|0x0000000710300000, 0x0000000710300000, 0x0000000710400000|  0%| F|  |TAMS 0x0000000710300000, 0x0000000710300000| Untracked 
| 230|0x0000000710400000, 0x0000000710400000, 0x0000000710500000|  0%| F|  |TAMS 0x0000000710400000, 0x0000000710400000| Untracked 
| 231|0x0000000710500000, 0x0000000710500000, 0x0000000710600000|  0%| F|  |TAMS 0x0000000710500000, 0x0000000710500000| Untracked 
| 232|0x0000000710600000, 0x0000000710600000, 0x0000000710700000|  0%| F|  |TAMS 0x0000000710600000, 0x0000000710600000| Untracked 
| 233|0x0000000710700000, 0x0000000710700000, 0x0000000710800000|  0%| F|  |TAMS 0x0000000710700000, 0x0000000710700000| Untracked 
| 234|0x0000000710800000, 0x0000000710800000, 0x0000000710900000|  0%| F|  |TAMS 0x0000000710800000, 0x0000000710800000| Untracked 
| 235|0x0000000710900000, 0x0000000710900000, 0x0000000710a00000|  0%| F|  |TAMS 0x0000000710900000, 0x0000000710900000| Untracked 
| 236|0x0000000710a00000, 0x0000000710a00000, 0x0000000710b00000|  0%| F|  |TAMS 0x0000000710a00000, 0x0000000710a00000| Untracked 
| 237|0x0000000710b00000, 0x0000000710b00000, 0x0000000710c00000|  0%| F|  |TAMS 0x0000000710b00000, 0x0000000710b00000| Untracked 
| 238|0x0000000710c00000, 0x0000000710c00000, 0x0000000710d00000|  0%| F|  |TAMS 0x0000000710c00000, 0x0000000710c00000| Untracked 
| 239|0x0000000710d00000, 0x0000000710d00000, 0x0000000710e00000|  0%| F|  |TAMS 0x0000000710d00000, 0x0000000710d00000| Untracked 
| 240|0x0000000710e00000, 0x0000000710e00000, 0x0000000710f00000|  0%| F|  |TAMS 0x0000000710e00000, 0x0000000710e00000| Untracked 
| 241|0x0000000710f00000, 0x0000000710f00000, 0x0000000711000000|  0%| F|  |TAMS 0x0000000710f00000, 0x0000000710f00000| Untracked 
| 242|0x0000000711000000, 0x0000000711000000, 0x0000000711100000|  0%| F|  |TAMS 0x0000000711000000, 0x0000000711000000| Untracked 
| 243|0x0000000711100000, 0x0000000711100000, 0x0000000711200000|  0%| F|  |TAMS 0x0000000711100000, 0x0000000711100000| Untracked 
| 244|0x0000000711200000, 0x0000000711200000, 0x0000000711300000|  0%| F|  |TAMS 0x0000000711200000, 0x0000000711200000| Untracked 
| 245|0x0000000711300000, 0x0000000711300000, 0x0000000711400000|  0%| F|  |TAMS 0x0000000711300000, 0x0000000711300000| Untracked 
| 246|0x0000000711400000, 0x0000000711400000, 0x0000000711500000|  0%| F|  |TAMS 0x0000000711400000, 0x0000000711400000| Untracked 
| 247|0x0000000711500000, 0x0000000711500000, 0x0000000711600000|  0%| F|  |TAMS 0x0000000711500000, 0x0000000711500000| Untracked 
| 248|0x0000000711600000, 0x0000000711600000, 0x0000000711700000|  0%| F|  |TAMS 0x0000000711600000, 0x0000000711600000| Untracked 
| 249|0x0000000711700000, 0x0000000711700000, 0x0000000711800000|  0%| F|  |TAMS 0x0000000711700000, 0x0000000711700000| Untracked 
| 250|0x0000000711800000, 0x0000000711800000, 0x0000000711900000|  0%| F|  |TAMS 0x0000000711800000, 0x0000000711800000| Untracked 
| 251|0x0000000711900000, 0x0000000711900000, 0x0000000711a00000|  0%| F|  |TAMS 0x0000000711900000, 0x0000000711900000| Untracked 
| 252|0x0000000711a00000, 0x0000000711a00000, 0x0000000711b00000|  0%| F|  |TAMS 0x0000000711a00000, 0x0000000711a00000| Untracked 
| 253|0x0000000711b00000, 0x0000000711b00000, 0x0000000711c00000|  0%| F|  |TAMS 0x0000000711b00000, 0x0000000711b00000| Untracked 
| 254|0x0000000711c00000, 0x0000000711c00000, 0x0000000711d00000|  0%| F|  |TAMS 0x0000000711c00000, 0x0000000711c00000| Untracked 
| 255|0x0000000711d00000, 0x0000000711d00000, 0x0000000711e00000|  0%| F|  |TAMS 0x0000000711d00000, 0x0000000711d00000| Untracked 
| 256|0x0000000711e00000, 0x0000000711e00000, 0x0000000711f00000|  0%| F|  |TAMS 0x0000000711e00000, 0x0000000711e00000| Untracked 
| 257|0x0000000711f00000, 0x0000000711f00000, 0x0000000712000000|  0%| F|  |TAMS 0x0000000711f00000, 0x0000000711f00000| Untracked 
| 258|0x0000000712000000, 0x0000000712000000, 0x0000000712100000|  0%| F|  |TAMS 0x0000000712000000, 0x0000000712000000| Untracked 
| 259|0x0000000712100000, 0x0000000712100000, 0x0000000712200000|  0%| F|  |TAMS 0x0000000712100000, 0x0000000712100000| Untracked 
| 260|0x0000000712200000, 0x0000000712200000, 0x0000000712300000|  0%| F|  |TAMS 0x0000000712200000, 0x0000000712200000| Untracked 
| 261|0x0000000712300000, 0x0000000712300000, 0x0000000712400000|  0%| F|  |TAMS 0x0000000712300000, 0x0000000712300000| Untracked 
| 262|0x0000000712400000, 0x0000000712400000, 0x0000000712500000|  0%| F|  |TAMS 0x0000000712400000, 0x0000000712400000| Untracked 
| 263|0x0000000712500000, 0x0000000712500000, 0x0000000712600000|  0%| F|  |TAMS 0x0000000712500000, 0x0000000712500000| Untracked 
| 264|0x0000000712600000, 0x0000000712600000, 0x0000000712700000|  0%| F|  |TAMS 0x0000000712600000, 0x0000000712600000| Untracked 
| 265|0x0000000712700000, 0x0000000712700000, 0x0000000712800000|  0%| F|  |TAMS 0x0000000712700000, 0x0000000712700000| Untracked 
| 266|0x0000000712800000, 0x0000000712800000, 0x0000000712900000|  0%| F|  |TAMS 0x0000000712800000, 0x0000000712800000| Untracked 
| 267|0x0000000712900000, 0x0000000712980800, 0x0000000712a00000| 50%| E|  |TAMS 0x0000000712900000, 0x0000000712900000| Complete 
| 268|0x0000000712a00000, 0x0000000712b00000, 0x0000000712b00000|100%| E|CS|TAMS 0x0000000712a00000, 0x0000000712a00000| Complete 
| 269|0x0000000712b00000, 0x0000000712c00000, 0x0000000712c00000|100%| E|CS|TAMS 0x0000000712b00000, 0x0000000712b00000| Complete 
| 270|0x0000000712c00000, 0x0000000712d00000, 0x0000000712d00000|100%| E|CS|TAMS 0x0000000712c00000, 0x0000000712c00000| Complete 
| 271|0x0000000712d00000, 0x0000000712e00000, 0x0000000712e00000|100%| E|CS|TAMS 0x0000000712d00000, 0x0000000712d00000| Complete 
| 272|0x0000000712e00000, 0x0000000712f00000, 0x0000000712f00000|100%| E|CS|TAMS 0x0000000712e00000, 0x0000000712e00000| Complete 
| 273|0x0000000712f00000, 0x0000000713000000, 0x0000000713000000|100%| E|CS|TAMS 0x0000000712f00000, 0x0000000712f00000| Complete 
| 274|0x0000000713000000, 0x0000000713100000, 0x0000000713100000|100%| E|CS|TAMS 0x0000000713000000, 0x0000000713000000| Complete 
| 275|0x0000000713100000, 0x0000000713200000, 0x0000000713200000|100%| E|CS|TAMS 0x0000000713100000, 0x0000000713100000| Complete 
| 276|0x0000000713200000, 0x0000000713300000, 0x0000000713300000|100%| E|CS|TAMS 0x0000000713200000, 0x0000000713200000| Complete 
| 277|0x0000000713300000, 0x0000000713400000, 0x0000000713400000|100%| E|CS|TAMS 0x0000000713300000, 0x0000000713300000| Complete 
| 278|0x0000000713400000, 0x0000000713500000, 0x0000000713500000|100%| E|CS|TAMS 0x0000000713400000, 0x0000000713400000| Complete 
| 279|0x0000000713500000, 0x0000000713600000, 0x0000000713600000|100%| E|CS|TAMS 0x0000000713500000, 0x0000000713500000| Complete 
| 280|0x0000000713600000, 0x0000000713700000, 0x0000000713700000|100%| E|CS|TAMS 0x0000000713600000, 0x0000000713600000| Complete 
| 281|0x0000000713700000, 0x0000000713800000, 0x0000000713800000|100%| E|CS|TAMS 0x0000000713700000, 0x0000000713700000| Complete 
| 282|0x0000000713800000, 0x0000000713900000, 0x0000000713900000|100%| E|CS|TAMS 0x0000000713800000, 0x0000000713800000| Complete 
| 283|0x0000000713900000, 0x0000000713a00000, 0x0000000713a00000|100%| E|CS|TAMS 0x0000000713900000, 0x0000000713900000| Complete 
| 284|0x0000000713a00000, 0x0000000713b00000, 0x0000000713b00000|100%| E|CS|TAMS 0x0000000713a00000, 0x0000000713a00000| Complete 
| 285|0x0000000713b00000, 0x0000000713c00000, 0x0000000713c00000|100%| E|CS|TAMS 0x0000000713b00000, 0x0000000713b00000| Complete 
| 286|0x0000000713c00000, 0x0000000713d00000, 0x0000000713d00000|100%| E|CS|TAMS 0x0000000713c00000, 0x0000000713c00000| Complete 
| 287|0x0000000713d00000, 0x0000000713e00000, 0x0000000713e00000|100%| E|CS|TAMS 0x0000000713d00000, 0x0000000713d00000| Complete 
| 288|0x0000000713e00000, 0x0000000713f00000, 0x0000000713f00000|100%| E|CS|TAMS 0x0000000713e00000, 0x0000000713e00000| Complete 
| 289|0x0000000713f00000, 0x0000000714000000, 0x0000000714000000|100%| E|CS|TAMS 0x0000000713f00000, 0x0000000713f00000| Complete 
| 290|0x0000000714000000, 0x0000000714100000, 0x0000000714100000|100%| E|CS|TAMS 0x0000000714000000, 0x0000000714000000| Complete 
| 291|0x0000000714100000, 0x0000000714200000, 0x0000000714200000|100%| E|CS|TAMS 0x0000000714100000, 0x0000000714100000| Complete 
| 292|0x0000000714200000, 0x0000000714300000, 0x0000000714300000|100%| E|CS|TAMS 0x0000000714200000, 0x0000000714200000| Complete 
| 293|0x0000000714300000, 0x0000000714400000, 0x0000000714400000|100%| E|CS|TAMS 0x0000000714300000, 0x0000000714300000| Complete 
| 294|0x0000000714400000, 0x0000000714500000, 0x0000000714500000|100%| E|CS|TAMS 0x0000000714400000, 0x0000000714400000| Complete 
| 295|0x0000000714500000, 0x0000000714600000, 0x0000000714600000|100%| E|CS|TAMS 0x0000000714500000, 0x0000000714500000| Complete 
| 296|0x0000000714600000, 0x0000000714700000, 0x0000000714700000|100%| E|CS|TAMS 0x0000000714600000, 0x0000000714600000| Complete 
| 297|0x0000000714700000, 0x0000000714800000, 0x0000000714800000|100%| E|CS|TAMS 0x0000000714700000, 0x0000000714700000| Complete 
| 298|0x0000000714800000, 0x0000000714900000, 0x0000000714900000|100%| E|CS|TAMS 0x0000000714800000, 0x0000000714800000| Complete 
| 299|0x0000000714900000, 0x0000000714a00000, 0x0000000714a00000|100%| E|CS|TAMS 0x0000000714900000, 0x0000000714900000| Complete 
| 300|0x0000000714a00000, 0x0000000714b00000, 0x0000000714b00000|100%| E|CS|TAMS 0x0000000714a00000, 0x0000000714a00000| Complete 
| 301|0x0000000714b00000, 0x0000000714c00000, 0x0000000714c00000|100%| E|CS|TAMS 0x0000000714b00000, 0x0000000714b00000| Complete 
| 302|0x0000000714c00000, 0x0000000714d00000, 0x0000000714d00000|100%| E|CS|TAMS 0x0000000714c00000, 0x0000000714c00000| Complete 
| 303|0x0000000714d00000, 0x0000000714e00000, 0x0000000714e00000|100%| E|CS|TAMS 0x0000000714d00000, 0x0000000714d00000| Complete 
| 304|0x0000000714e00000, 0x0000000714f00000, 0x0000000714f00000|100%| E|CS|TAMS 0x0000000714e00000, 0x0000000714e00000| Complete 
| 305|0x0000000714f00000, 0x0000000715000000, 0x0000000715000000|100%| E|CS|TAMS 0x0000000714f00000, 0x0000000714f00000| Complete 
| 306|0x0000000715000000, 0x0000000715100000, 0x0000000715100000|100%| E|CS|TAMS 0x0000000715000000, 0x0000000715000000| Complete 
| 307|0x0000000715100000, 0x0000000715200000, 0x0000000715200000|100%| E|CS|TAMS 0x0000000715100000, 0x0000000715100000| Complete 

Card table byte_map: [0x00000229e5400000,0x00000229e5c00000] _byte_map_base: 0x00000229e1bf1000

Marking Bits (Prev, Next): (CMBitMap*) 0x00000229cd6583b0, (CMBitMap*) 0x00000229cd658378
 Prev Bits: [0x00000229ea390000, 0x00000229ee318000)
 Next Bits: [0x00000229e6400000, 0x00000229ea388000)

Polling page: 0x00000229ccd30000

Metaspace:

Usage:
  Non-class:     58.70 MB capacity,    57.88 MB ( 99%) used,   659.21 KB (  1%) free+waste,   181.00 KB ( <1%) overhead. 
      Class:      8.84 MB capacity,     8.35 MB ( 94%) used,   423.76 KB (  5%) free+waste,    81.81 KB ( <1%) overhead. 
       Both:     67.54 MB capacity,    66.23 MB ( 98%) used,     1.06 MB (  2%) free+waste,   262.81 KB ( <1%) overhead. 

Virtual space:
  Non-class space:       60.00 MB reserved,      58.75 MB ( 98%) committed 
      Class space:        1.00 GB reserved,       8.88 MB ( <1%) committed 
             Both:        1.06 GB reserved,      67.63 MB (  6%) committed 

Chunk freelists:
   Non-Class:  6.00 KB
       Class:  640 bytes
        Both:  6.63 KB

CodeHeap 'non-profiled nmethods': size=120000Kb used=5443Kb max_used=5583Kb free=114556Kb
 bounds [0x00000229dd3a0000, 0x00000229dd920000, 0x00000229e48d0000]
CodeHeap 'profiled nmethods': size=120000Kb used=14113Kb max_used=14695Kb free=105886Kb
 bounds [0x00000229d5e70000, 0x00000229d6cd0000, 0x00000229dd3a0000]
CodeHeap 'non-nmethods': size=5760Kb used=1320Kb max_used=1395Kb free=4439Kb
 bounds [0x00000229d58d0000, 0x00000229d5b40000, 0x00000229d5e70000]
 total_blobs=7607 nmethods=5440 adapters=513
 compilation: enabled
              stopped_count=0, restarted_count=0
 full_count=0

Compilation events (10 events):
Event: 10.249 Thread 0x00000229f17bc000 5738       1       com.fasterxml.jackson.databind.JavaType::hashCode (5 bytes)
Event: 10.249 Thread 0x00000229f17bc000 nmethod 5738 0x00000229dd903290 code [0x00000229dd903440, 0x00000229dd903558]
Event: 10.249 Thread 0x00000229f17bc000 5740       3       com.fasterxml.jackson.databind.cfg.MapperConfig::isEnabled (18 bytes)
Event: 10.249 Thread 0x00000229f17bc000 nmethod 5740 0x00000229d6cca110 code [0x00000229d6cca2c0, 0x00000229d6cca498]
Event: 10.249 Thread 0x00000229f17bc000 5739       1       com.fasterxml.jackson.databind.introspect.AnnotationCollector$NoAnnotations::get (2 bytes)
Event: 10.249 Thread 0x00000229f17bc000 nmethod 5739 0x00000229dd903610 code [0x00000229dd9037c0, 0x00000229dd9038d8]
Event: 10.249 Thread 0x00000229f17bc000 5741       1       com.fasterxml.jackson.databind.SerializationFeature::getMask (5 bytes)
Event: 10.249 Thread 0x00000229f17bc000 nmethod 5741 0x00000229dd903990 code [0x00000229dd903b40, 0x00000229dd903c58]
Event: 10.250 Thread 0x00000229f180d000 nmethod 5722 0x00000229dd903d10 code [0x00000229dd903ee0, 0x00000229dd904948]
Event: 10.344 Thread 0x00000229f1fb1000 nmethod 5706 0x00000229dd904d90 code [0x00000229dd905500, 0x00000229dd90fb10]

GC Heap History (10 events):
Event: 3.769 GC heap before
{Heap before GC invocations=4 (full 0):
 garbage-first heap   total 262144K, used 117783K [0x0000000701e00000, 0x0000000800000000)
  region size 1024K, 114 young (116736K), 7 survivors (7168K)
 Metaspace       used 35078K, capacity 35783K, committed 35840K, reserved 1081344K
  class space    used 4023K, capacity 4297K, committed 4352K, reserved 1048576K
}
Event: 3.782 GC heap after
{Heap after GC invocations=5 (full 0):
 garbage-first heap   total 262144K, used 13877K [0x0000000701e00000, 0x0000000800000000)
  region size 1024K, 10 young (10240K), 10 survivors (10240K)
 Metaspace       used 35078K, capacity 35783K, committed 35840K, reserved 1081344K
  class space    used 4023K, capacity 4297K, committed 4352K, reserved 1048576K
}
Event: 5.673 GC heap before
{Heap before GC invocations=6 (full 0):
 garbage-first heap   total 262144K, used 159285K [0x0000000701e00000, 0x0000000800000000)
  region size 1024K, 153 young (156672K), 10 survivors (10240K)
 Metaspace       used 46455K, capacity 47398K, committed 47616K, reserved 1091584K
  class space    used 5454K, capacity 5786K, committed 5888K, reserved 1048576K
}
Event: 5.686 GC heap after
{Heap after GC invocations=7 (full 0):
 garbage-first heap   total 262144K, used 19125K [0x0000000701e00000, 0x0000000800000000)
  region size 1024K, 15 young (15360K), 15 survivors (15360K)
 Metaspace       used 46455K, capacity 47398K, committed 47616K, reserved 1091584K
  class space    used 5454K, capacity 5786K, committed 5888K, reserved 1048576K
}
Event: 7.606 GC heap before
{Heap before GC invocations=7 (full 0):
 garbage-first heap   total 262144K, used 159413K [0x0000000701e00000, 0x0000000800000000)
  region size 1024K, 153 young (156672K), 15 survivors (15360K)
 Metaspace       used 58273K, capacity 59256K, committed 59392K, reserved 1101824K
  class space    used 7215K, capacity 7599K, committed 7680K, reserved 1048576K
}
Event: 7.623 GC heap after
{Heap after GC invocations=8 (full 0):
 garbage-first heap   total 262144K, used 21725K [0x0000000701e00000, 0x0000000800000000)
  region size 1024K, 14 young (14336K), 14 survivors (14336K)
 Metaspace       used 58273K, capacity 59256K, committed 59392K, reserved 1101824K
  class space    used 7215K, capacity 7599K, committed 7680K, reserved 1048576K
}
Event: 7.941 GC heap before
{Heap before GC invocations=8 (full 0):
 garbage-first heap   total 262144K, used 48349K [0x0000000701e00000, 0x0000000800000000)
  region size 1024K, 41 young (41984K), 14 survivors (14336K)
 Metaspace       used 59081K, capacity 60078K, committed 60160K, reserved 1101824K
  class space    used 7313K, capacity 7680K, committed 7680K, reserved 1048576K
}
Event: 7.958 GC heap after
{Heap after GC invocations=9 (full 0):
 garbage-first heap   total 262144K, used 23928K [0x0000000701e00000, 0x0000000800000000)
  region size 1024K, 11 young (11264K), 11 survivors (11264K)
 Metaspace       used 59081K, capacity 60078K, committed 60160K, reserved 1101824K
  class space    used 7313K, capacity 7680K, committed 7680K, reserved 1048576K
}
Event: 9.752 GC heap before
{Heap before GC invocations=10 (full 0):
 garbage-first heap   total 262144K, used 169336K [0x0000000701e00000, 0x0000000800000000)
  region size 1024K, 153 young (156672K), 11 survivors (11264K)
 Metaspace       used 64768K, capacity 66071K, committed 66304K, reserved 1107968K
  class space    used 8096K, capacity 8605K, committed 8704K, reserved 1048576K
}
Event: 9.764 GC heap after
{Heap after GC invocations=11 (full 0):
 garbage-first heap   total 315392K, used 25475K [0x0000000701e00000, 0x0000000800000000)
  region size 1024K, 12 young (12288K), 12 survivors (12288K)
 Metaspace       used 64768K, capacity 66071K, committed 66304K, reserved 1107968K
  class space    used 8096K, capacity 8605K, committed 8704K, reserved 1048576K
}

Deoptimization events (10 events):
Event: 9.731 Thread 0x00000229cd5f3800 Uncommon trap: reason=unhandled action=none pc=0x00000229dd6bb140 method=jdk.internal.loader.BuiltinClassLoader.loadClass(Ljava/lang/String;Z)Ljava/lang/Class; @ 19 c2
Event: 9.732 Thread 0x00000229cd5f3800 Uncommon trap: reason=unhandled action=none pc=0x00000229dd6bb140 method=jdk.internal.loader.BuiltinClassLoader.loadClass(Ljava/lang/String;Z)Ljava/lang/Class; @ 19 c2
Event: 9.732 Thread 0x00000229cd5f3800 Uncommon trap: reason=unhandled action=none pc=0x00000229dd6bb140 method=jdk.internal.loader.BuiltinClassLoader.loadClass(Ljava/lang/String;Z)Ljava/lang/Class; @ 19 c2
Event: 9.742 Thread 0x00000229cd5f3800 Uncommon trap: reason=unstable_if action=reinterpret pc=0x00000229dd84a9ec method=org.springframework.core.annotation.AnnotatedElementUtils$MergedAnnotationAttributesProcessor.<init>(ZZZ)V @ 21 c2
Event: 9.921 Thread 0x00000229cd5f3800 Uncommon trap: reason=unhandled action=none pc=0x00000229dd6bb140 method=jdk.internal.loader.BuiltinClassLoader.loadClass(Ljava/lang/String;Z)Ljava/lang/Class; @ 19 c2
Event: 9.925 Thread 0x00000229cd5f3800 Uncommon trap: reason=unhandled action=none pc=0x00000229dd6bb140 method=jdk.internal.loader.BuiltinClassLoader.loadClass(Ljava/lang/String;Z)Ljava/lang/Class; @ 19 c2
Event: 9.926 Thread 0x00000229cd5f3800 Uncommon trap: reason=unhandled action=none pc=0x00000229dd6bb140 method=jdk.internal.loader.BuiltinClassLoader.loadClass(Ljava/lang/String;Z)Ljava/lang/Class; @ 19 c2
Event: 10.190 Thread 0x00000229cd5f3800 Uncommon trap: reason=class_check action=maybe_recompile pc=0x00000229dd87c068 method=java.util.concurrent.ConcurrentHashMap.putVal(Ljava/lang/Object;Ljava/lang/Object;Z)Ljava/lang/Object; @ 159 c2
Event: 10.190 Thread 0x00000229cd5f3800 Uncommon trap: reason=class_check action=maybe_recompile pc=0x00000229dd87c068 method=java.util.concurrent.ConcurrentHashMap.putVal(Ljava/lang/Object;Ljava/lang/Object;Z)Ljava/lang/Object; @ 159 c2
Event: 95.429 Thread 0x00000229f1cac000 Uncommon trap: reason=unstable_if action=reinterpret pc=0x00000229dd762fc4 method=sun.instrument.InstrumentationImpl.transform(Ljava/lang/Module;Ljava/lang/ClassLoader;Ljava/lang/String;Ljava/lang/Class;Ljava/security/ProtectionDomain;[BZ)[B @ 24 c2

Classes redefined (2 events):
Event: 95.462 Thread 0x00000229f1773800 redefined class name=com.assignment.spring.ApplicationTests, count=1
Event: 141.801 Thread 0x00000229f1773800 redefined class name=com.assignment.spring.ApplicationTests, count=2

Internal exceptions (10 events):
Event: 9.673 Thread 0x00000229cd5f3800 Exception <a 'java/lang/ClassNotFoundException'{0x0000000708a79e48}: org/springframework/web/context/ServletContextAwareCustomizer> (0x0000000708a79e48) thrown at [t:/workspace/open/src/hotspot/share/classfile/systemDictionary.cpp, line 231]
Event: 9.674 Thread 0x00000229cd5f3800 Exception <a 'java/lang/ClassNotFoundException'{0x0000000708a88e60}: org/springframework/beans/factory/AwareCustomizer> (0x0000000708a88e60) thrown at [t:/workspace/open/src/hotspot/share/classfile/systemDictionary.cpp, line 231]
Event: 9.675 Thread 0x00000229cd5f3800 Exception <a 'java/lang/ClassNotFoundException'{0x0000000708a986c8}: org/springframework/beans/factory/InitializingBeanCustomizer> (0x0000000708a986c8) thrown at [t:/workspace/open/src/hotspot/share/classfile/systemDictionary.cpp, line 231]
Event: 9.675 Thread 0x00000229cd5f3800 Exception <a 'java/lang/ClassNotFoundException'{0x0000000708aa8190}: org/springframework/beans/factory/DisposableBeanCustomizer> (0x0000000708aa8190) thrown at [t:/workspace/open/src/hotspot/share/classfile/systemDictionary.cpp, line 231]
Event: 9.679 Thread 0x00000229cd5f3800 Exception <a 'java/lang/ClassNotFoundException'{0x0000000708ae2658}: java/lang/ObjectCustomizer> (0x0000000708ae2658) thrown at [t:/workspace/open/src/hotspot/share/classfile/systemDictionary.cpp, line 231]
Event: 9.679 Thread 0x00000229cd5f3800 Exception <a 'java/lang/ClassNotFoundException'{0x0000000708af7c40}: org/springframework/web/multipart/support/StandardServletMultipartResolverCustomizer> (0x0000000708af7c40) thrown at [t:/workspace/open/src/hotspot/share/classfile/systemDictionary.cpp, 
Event: 9.680 Thread 0x00000229cd5f3800 Exception <a 'java/lang/ClassNotFoundException'{0x000000070890bf30}: org/springframework/web/multipart/MultipartResolverCustomizer> (0x000000070890bf30) thrown at [t:/workspace/open/src/hotspot/share/classfile/systemDictionary.cpp, line 231]
Event: 9.731 Thread 0x00000229cd5f3800 Exception <a 'java/lang/ClassNotFoundException'{0x000000070864f0f8}: java/lang/ObjectCustomizer> (0x000000070864f0f8) thrown at [t:/workspace/open/src/hotspot/share/classfile/systemDictionary.cpp, line 231]
Event: 9.733 Thread 0x00000229cd5f3800 Exception <a 'java/lang/ClassNotFoundException'{0x0000000708660180}: com/assignment/spring/ApplicationTestsCustomizer> (0x0000000708660180) thrown at [t:/workspace/open/src/hotspot/share/classfile/systemDictionary.cpp, line 231]
Event: 9.886 Thread 0x00000229cd5f3800 Exception <a 'java/lang/ClassNotFoundException'{0x0000000714b8aa70}: java/lang/ClassLoader$ByteBuddyAccessor$S0vAguP9> (0x0000000714b8aa70) thrown at [t:/workspace/open/src/hotspot/share/classfile/systemDictionary.cpp, line 231]

Events (10 events):
Event: 141.830 Executing VM operation: SetFramePop done
Event: 141.830 Executing VM operation: GetFrameLocation
Event: 141.830 Executing VM operation: GetFrameLocation done
Event: 141.830 Executing VM operation: GetCurrentLocation
Event: 141.830 Executing VM operation: GetCurrentLocation done
Event: 141.831 Executing VM operation: ChangeSingleStep
Event: 141.831 Executing VM operation: ChangeSingleStep done
Event: 141.832 Executing VM operation: GetFrameLocation
Event: 141.832 Executing VM operation: GetFrameLocation done
Event: 141.832 Executing VM operation: GetOrSetLocal


Dynamic libraries:
0x00007ff6d5150000 - 0x00007ff6d5195000 	C:\Program Files\Java\jdk-11-28_win_x64\bin\javaw.exe
0x00007ffec6740000 - 0x00007ffec6930000 	C:\WINDOWS\SYSTEM32\ntdll.dll
0x00007ffec6220000 - 0x00007ffec62d2000 	C:\WINDOWS\System32\KERNEL32.DLL
0x00007ffec3f60000 - 0x00007ffec4205000 	C:\WINDOWS\System32\KERNELBASE.dll
0x000000005c970000 - 0x000000005ca16000 	C:\WINDOWS\System32\SYSFER.DLL
0x00007ffec6490000 - 0x00007ffec6624000 	C:\WINDOWS\System32\USER32.dll
0x00007ffec43b0000 - 0x00007ffec43d1000 	C:\WINDOWS\System32\win32u.dll
0x00007ffec4d60000 - 0x00007ffec4d86000 	C:\WINDOWS\System32\GDI32.dll
0x00007ffec4530000 - 0x00007ffec46c8000 	C:\WINDOWS\System32\gdi32full.dll
0x00007ffec4490000 - 0x00007ffec452e000 	C:\WINDOWS\System32\msvcp_win.dll
0x00007ffec46d0000 - 0x00007ffec47ca000 	C:\WINDOWS\System32\ucrtbase.dll
0x00007ffeb1060000 - 0x00007ffeb12e4000 	C:\WINDOWS\WinSxS\amd64_microsoft.windows.common-controls_6595b64144ccf1df_6.0.18362.1316_none_9e7a364fe461dbd7\COMCTL32.dll
0x00007ffec5780000 - 0x00007ffec581e000 	C:\WINDOWS\System32\msvcrt.dll
0x00007ffec47f0000 - 0x00007ffec4b27000 	C:\WINDOWS\System32\combase.dll
0x00007ffec4b30000 - 0x00007ffec4c4f000 	C:\WINDOWS\System32\RPCRT4.dll
0x00007ffec3750000 - 0x00007ffec37d1000 	C:\WINDOWS\System32\bcryptPrimitives.dll
0x00007ffec5ec0000 - 0x00007ffec5ec8000 	C:\WINDOWS\System32\psapi.dll
0x00007ffec56a0000 - 0x00007ffec56ce000 	C:\WINDOWS\System32\IMM32.DLL
0x00007ffeb77e0000 - 0x00007ffeb77f6000 	C:\Program Files\Java\jdk-11-28_win_x64\bin\vcruntime140.dll
0x00007ffea0be0000 - 0x00007ffea0c8a000 	C:\Program Files\Java\jdk-11-28_win_x64\bin\msvcp140.dll
0x00007ffe42300000 - 0x00007ffe42e41000 	C:\Program Files\Java\jdk-11-28_win_x64\bin\server\jvm.dll
0x00007ffec56d0000 - 0x00007ffec5773000 	C:\WINDOWS\System32\ADVAPI32.dll
0x00007ffec6100000 - 0x00007ffec6197000 	C:\WINDOWS\System32\sechost.dll
0x00007ffeb8f70000 - 0x00007ffeb8f79000 	C:\WINDOWS\SYSTEM32\WSOCK32.dll
0x00007ffec5980000 - 0x00007ffec59ef000 	C:\WINDOWS\System32\WS2_32.dll
0x00007ffec1180000 - 0x00007ffec11a4000 	C:\WINDOWS\SYSTEM32\WINMM.dll
0x00007ffeb8a70000 - 0x00007ffeb8a7a000 	C:\WINDOWS\SYSTEM32\VERSION.dll
0x00007ffec1150000 - 0x00007ffec117d000 	C:\WINDOWS\SYSTEM32\WINMMBASE.dll
0x00007ffec4360000 - 0x00007ffec43aa000 	C:\WINDOWS\System32\cfgmgr32.dll
0x00007ffec3600000 - 0x00007ffec3611000 	C:\WINDOWS\System32\kernel.appcore.dll
0x00007ffeb74e0000 - 0x00007ffeb74f1000 	C:\Program Files\Java\jdk-11-28_win_x64\bin\verify.dll
0x00007ffec21c0000 - 0x00007ffec23b4000 	C:\WINDOWS\SYSTEM32\DBGHELP.DLL
0x00007ffeaa0e0000 - 0x00007ffeaa10a000 	C:\WINDOWS\SYSTEM32\dbgcore.DLL
0x00007ffeb74b0000 - 0x00007ffeb74d8000 	C:\Program Files\Java\jdk-11-28_win_x64\bin\java.dll
0x00007ffeb08d0000 - 0x00007ffeb0907000 	C:\Program Files\Java\jdk-11-28_win_x64\bin\jdwp.dll
0x00007ffebe030000 - 0x00007ffebe05f000 	C:\Program Files\Java\jdk-11-28_win_x64\bin\instrument.dll
0x00007ffeb6530000 - 0x00007ffeb6546000 	C:\Program Files\Java\jdk-11-28_win_x64\bin\zip.dll
0x00007ffec1260000 - 0x00007ffec126a000 	C:\Program Files\Java\jdk-11-28_win_x64\bin\jimage.dll
0x00007ffec4f40000 - 0x00007ffec5628000 	C:\WINDOWS\System32\SHELL32.dll
0x00007ffec6030000 - 0x00007ffec60d7000 	C:\WINDOWS\System32\shcore.dll
0x00007ffec37e0000 - 0x00007ffec3f5b000 	C:\WINDOWS\System32\windows.storage.dll
0x00007ffec3640000 - 0x00007ffec3663000 	C:\WINDOWS\System32\profapi.dll
0x00007ffec3670000 - 0x00007ffec36ba000 	C:\WINDOWS\System32\powrprof.dll
0x00007ffec35f0000 - 0x00007ffec3600000 	C:\WINDOWS\System32\UMPDC.dll
0x00007ffec4c50000 - 0x00007ffec4ca2000 	C:\WINDOWS\System32\shlwapi.dll
0x00007ffec47d0000 - 0x00007ffec47e7000 	C:\WINDOWS\System32\cryptsp.dll
0x00007ffec1120000 - 0x00007ffec112a000 	C:\Program Files\Java\jdk-11-28_win_x64\bin\dt_socket.dll
0x00007ffec2d80000 - 0x00007ffec2de7000 	C:\WINDOWS\System32\mswsock.dll
0x00007ffec2ae0000 - 0x00007ffec2bab000 	C:\WINDOWS\SYSTEM32\DNSAPI.dll
0x00007ffec6340000 - 0x00007ffec6348000 	C:\WINDOWS\System32\NSI.dll
0x00007ffec2aa0000 - 0x00007ffec2ada000 	C:\WINDOWS\SYSTEM32\IPHLPAPI.DLL
0x00007ffebdf70000 - 0x00007ffebdfe7000 	C:\WINDOWS\System32\fwpuclnt.dll
0x00007ffec3720000 - 0x00007ffec3746000 	C:\WINDOWS\System32\bcrypt.dll
0x00007ffeb7970000 - 0x00007ffeb797a000 	C:\Windows\System32\rasadhlp.dll
0x00007ffeb5040000 - 0x00007ffeb5059000 	C:\Program Files\Java\jdk-11-28_win_x64\bin\net.dll
0x00007ffeb8090000 - 0x00007ffeb8180000 	C:\WINDOWS\SYSTEM32\WINHTTP.dll
0x00007ffeb45f0000 - 0x00007ffeb4603000 	C:\Program Files\Java\jdk-11-28_win_x64\bin\nio.dll
0x00007ffebd280000 - 0x00007ffebd289000 	C:\Program Files\Java\jdk-11-28_win_x64\bin\management.dll
0x00007ffeba9e0000 - 0x00007ffeba9ec000 	C:\Program Files\Java\jdk-11-28_win_x64\bin\management_ext.dll
0x00007ffeb5d30000 - 0x00007ffeb5d46000 	C:\WINDOWS\system32\napinsp.dll
0x00007ffeb5d10000 - 0x00007ffeb5d2a000 	C:\WINDOWS\system32\pnrpnsp.dll
0x00007ffeb5d00000 - 0x00007ffeb5d0e000 	C:\WINDOWS\System32\winrnr.dll
0x00007ffebf970000 - 0x00007ffebf98c000 	C:\WINDOWS\system32\NLAapi.dll
0x00007ffebd740000 - 0x00007ffebd755000 	C:\WINDOWS\system32\wshbth.dll
0x00007ffec2910000 - 0x00007ffec2943000 	C:\WINDOWS\system32\rsaenh.dll
0x00007ffec3510000 - 0x00007ffec3535000 	C:\WINDOWS\SYSTEM32\USERENV.dll
0x00007ffec2fb0000 - 0x00007ffec2fbc000 	C:\WINDOWS\SYSTEM32\CRYPTBASE.dll
0x00007ffebd720000 - 0x00007ffebd736000 	C:\WINDOWS\SYSTEM32\dhcpcsvc6.DLL
0x00007ffebd6e0000 - 0x00007ffebd6fc000 	C:\WINDOWS\SYSTEM32\dhcpcsvc.DLL

dbghelp: loaded successfully - version: 4.0.5 - missing functions: none
symbol engine: initialized successfully - sym options: 0x614 - pdb path: .;C:\Program Files\Java\jdk-11-28_win_x64\bin;C:\WINDOWS\SYSTEM32;C:\WINDOWS\WinSxS\amd64_microsoft.windows.common-controls_6595b64144ccf1df_6.0.18362.1316_none_9e7a364fe461dbd7;C:\Program Files\Java\jdk-11-28_win_x64\bin\server

VM Arguments:
jvm_args: -agentlib:jdwp=transport=dt_socket,suspend=y,address=localhost:60420 -ea -javaagent:C:\Users\C68452\Downloads\sts-4.7.0.RELEASE\configuration\org.eclipse.osgi\248\0\.cp\lib\javaagent-shaded.jar -Dfile.encoding=UTF-8 
java_command: org.eclipse.jdt.internal.junit.runner.RemoteTestRunner -version 3 -port 60419 -testLoaderClass org.eclipse.jdt.internal.junit4.runner.JUnit4TestLoader -loaderpluginname org.eclipse.jdt.junit4.runtime -test com.assignment.spring.ApplicationTests:test_weather
java_class_path (initial): C:\Users\C68452\Downloads\coding-dojo-spring-boot-master\target\test-classes;C:\Users\C68452\Downloads\coding-dojo-spring-boot-master\target\classes;C:\Users\C68452\.m2\repository\org\springframework\boot\spring-boot-starter-data-jpa\2.1.6.RELEASE\spring-boot-starter-data-jpa-2.1.6.RELEASE.jar;C:\Users\C68452\.m2\repository\org\springframework\boot\spring-boot-starter-aop\2.1.6.RELEASE\spring-boot-starter-aop-2.1.6.RELEASE.jar;C:\Users\C68452\.m2\repository\org\springframework\spring-aop\5.1.8.RELEASE\spring-aop-5.1.8.RELEASE.jar;C:\Users\C68452\.m2\repository\org\aspectj\aspectjweaver\1.9.4\aspectjweaver-1.9.4.jar;C:\Users\C68452\.m2\repository\org\springframework\boot\spring-boot-starter-jdbc\2.1.6.RELEASE\spring-boot-starter-jdbc-2.1.6.RELEASE.jar;C:\Users\C68452\.m2\repository\com\zaxxer\HikariCP\3.2.0\HikariCP-3.2.0.jar;C:\Users\C68452\.m2\repository\org\springframework\spring-jdbc\5.1.8.RELEASE\spring-jdbc-5.1.8.RELEASE.jar;C:\Users\C68452\.m2\repository\javax\transaction\javax.transaction-api\1.3\javax.transaction-api-1.3.jar;C:\Users\C68452\.m2\repository\javax\xml\bind\jaxb-api\2.3.1\jaxb-api-2.3.1.jar;C:\Users\C68452\.m2\repository\javax\activation\javax.activation-api\1.2.0\javax.activation-api-1.2.0.jar;C:\Users\C68452\.m2\repository\org\hibernate\hibernate-core\5.3.10.Final\hibernate-core-5.3.10.Final.jar;C:\Users\C68452\.m2\repository\org\jboss\logging\jboss-logging\3.3.2.Final\jboss-logging-3.3.2.Final.jar;C:\Users\C68452\.m2\repository\javax\persistence\javax.persistence-api\2.2\javax.persistence-api-2.2.jar;C:\Users\C68452\.m2\repository\org\javassist\javassist\3.23.2-GA\javassist-3.23.2-GA.jar;C:\Users\C68452\.m2\repository\net\bytebuddy\byte-buddy\1.9.13\byte-buddy-1.9.13.jar;C:\Users\C68452\.m2\repository\antlr\antlr\2.7.7\antlr-2.7.7.jar;C:\Users\C68452\.m2\repository\org\jboss\jandex\2.0.5.Final\jandex-2.0.5.Final.jar;C:\Users\C68452\.m2\repository\com\fasterxml\classmate\1.4.0\classmate-1.4.0.jar;C:\Users\C68452\.m
Launcher Type: SUN_STANDARD

[Global flags]
     intx CICompilerCount                          = 4                                         {product} {ergonomic}
     uint ConcGCThreads                            = 2                                         {product} {ergonomic}
     uint G1ConcRefinementThreads                  = 8                                         {product} {ergonomic}
   size_t G1HeapRegionSize                         = 1048576                                   {product} {ergonomic}
    uintx GCDrainStackTargetSize                   = 64                                        {product} {ergonomic}
   size_t InitialHeapSize                          = 268435456                                 {product} {ergonomic}
   size_t MarkStackSize                            = 4194304                                   {product} {ergonomic}
   size_t MaxHeapSize                              = 4263510016                                {product} {ergonomic}
   size_t MaxNewSize                               = 2557476864                                {product} {ergonomic}
   size_t MinHeapDeltaBytes                        = 1048576                                   {product} {ergonomic}
    uintx NonNMethodCodeHeapSize                   = 5835340                                {pd product} {ergonomic}
    uintx NonProfiledCodeHeapSize                  = 122911450                              {pd product} {ergonomic}
    uintx ProfiledCodeHeapSize                     = 122911450                              {pd product} {ergonomic}
    uintx ReservedCodeCacheSize                    = 251658240                              {pd product} {ergonomic}
     bool SegmentedCodeCache                       = true                                      {product} {ergonomic}
     bool UseCompressedClassPointers               = true                                 {lp64_product} {ergonomic}
     bool UseCompressedOops                        = true                                 {lp64_product} {ergonomic}
     bool UseG1GC                                  = true                                      {product} {ergonomic}
     bool UseLargePagesIndividualAllocation        = false                                  {pd product} {ergonomic}

Logging:
Log output configuration:
 #0: stdout all=warning uptime,level,tags
 #1: stderr all=off uptime,level,tags

Environment Variables:
JAVA_HOME=C:\Program Files\Java\jdk-11-28_win_x64
PATH=C:/Program Files/Java/jre1.8.0_271/bin/server;C:/Program Files/Java/jre1.8.0_271/bin;C:/Program Files/Java/jre1.8.0_271/lib/amd64;C:\Program Files (x86)\Common Files\Oracle\Java\javapath;C:\Program Files\Docker\Docker\Resources\bin;C:\Windows\system32;C:\Windows;C:\Windows\System32\Wbem;C:\Windows\System32\WindowsPowerShell\v1.0\;C:\Windows\System32\OpenSSH\;C:\Windows\system32\config\systemprofile\AppData\Local\Microsoft\WindowsApps;C:\Program Files\apache-maven-3.6.2\bin;C:\Program Files\Git\cmd;C:\WINDOWS\system32;C:\WINDOWS;C:\WINDOWS\System32\Wbem;C:\WINDOWS\System32\WindowsPowerShell\v1.0\;C:\WINDOWS\System32\OpenSSH\;C:\Program Files (x86)\Citrix\ICAService;C:\Program Files (x86)\Citrix\System32;C:\Program Files (x86)\InstallShield\AdminStudio\6.0\ConflictSolver;C:\Program Files (x86)\Microsoft SQL Server\150\DTS\Binn\;C:\Program Files\Java\JDK-11-28_win_x64\bin;C:\Users\C68452\AppData\Local\Microsoft\WindowsApps;C:\Program Files\Java\jdk-11-28_win_x64\bin;%MAVEN_HOM%\bin;C:\Users\C68452\AppData\Roaming\Python\Python37\Scripts;;C:\Users\C68452\AppData\Local\Programs\Microsoft VS Code\bin;C:\Users\C68452\Downloads\sts-4.7.0.RELEASE;
USERNAME=C68452
OS=Windows_NT
PROCESSOR_IDENTIFIER=Intel64 Family 6 Model 142 Stepping 10, GenuineIntel



---------------  S Y S T E M  ---------------

OS: Windows 10 , 64 bit Build 18362 (10.0.18362.1316)

CPU:total 8 (initial active 8) (4 cores per cpu, 2 threads per core) family 6 model 142 stepping 10, cmov, cx8, fxsr, mmx, sse, sse2, sse3, ssse3, sse4.1, sse4.2, popcnt, avx, avx2, aes, clmul, erms, rtm, 3dnowpref, lzcnt, ht, tsc, tscinvbit, bmi1, bmi2, adx, fma

Memory: 4k page, system-wide physical 16263M (3317M free)
TotalPageFile size 24056M (AvailPageFile size 2709M)
current process WorkingSet (physical memory assigned to process): 379M, peak: 473M
current process commit charge ("private bytes"): 509M, peak: 618M

vm_info: OpenJDK 64-Bit Server VM (11+28) for windows-amd64 JRE (11+28), built on Aug 23 2018 03:04:58 by "mach5one" with MS VC++ 15.5 (VS2017)

END.
